2013-Sep-29 21:13:57:378 [main] INFO  DisplayLogger  - 
 _____ _           _                                            ____ 
| ____| | ___  ___| |_ _ __ ___  ___  ___ _ ____   _____ _ __  | ___| 
|  _| | |/ _ \/ __| __| '__/ _ \/ __|/ _ \ '__\ \ / / _ \ '__| |___ \
| |___| |  __/ (__| |_| | | (_) \__ \  __/ |   \ V /  __/ |     ___) |
|_____|_|\___|\___|\__|_|  \___/|___/\___|_|    \_/ \___|_|    |____/

Starting ElectroServer 5.3.3
Go to http://www.electrotank.com/ for the latest version.
###########################################################
Computer Information
	Operating System: Linux
	Operating System Architecture: amd64
	Processors Available: 1
	Memory Available: 145Mb
###########################################################
Virtual Machine Information
	Virtual Machine Vendor: Sun Microsystems Inc.
	Virtual Machine Version: 1.6.0_43


2013-Sep-29 21:14:00:382 [main] INFO  com.electrotank.electroserver5.servers.registry.config.RegistryConfigurationService  - MUID [aa56264d-839e-44b7-b6d4-450d401652a5]
2013-Sep-29 21:14:02:310 [main] DEBUG com.electrotank.electroserver5.examples.dblogin.Controller  - Controller init
2013-Sep-29 21:14:02:328 [main] WARN  Extensions.LobbySystem.EventHandlers.GMSInitializer  - DiggingGamePlugin game registered with GameManager.
2013-Sep-29 21:14:02:335 [main] WARN  Extensions.TankGame.EventHandlers.GMSInitializer  - TankGame game registered with GameManager.
2013-Sep-29 21:14:02:358 [main] INFO  Extensions.TankGame.Plugins.TimeStampPlugin  - TimeStampPlugin initialized.
2013-Sep-29 21:14:03:752 [main] INFO  com.electrotank.electroserver5.servers.gateway.GatewayServer  - GatewayServer.doStart
2013-Sep-29 21:14:03:839 [main] INFO  com.electrotank.electroserver5.protocol.IOProvider  - Opened BinaryTCP listener on /0.0.0.0:9899 
2013-Sep-29 21:14:03:849 [main] INFO  com.electrotank.electroserver5.protocol.IOProvider  - Opened RTMP listener on /0.0.0.0:1935 
2013-Sep-29 21:14:03:856 [main] INFO  com.electrotank.electroserver5.protocol.IOProvider  - Opened BinaryHTTP listener on /0.0.0.0:8989 
2013-Sep-29 21:14:03:872 [main] INFO  com.electrotank.electroserver5.protocol.IOProvider  - Opened TextTCP listener on /0.0.0.0:8990 
2013-Sep-29 21:14:03:882 [main] INFO  com.electrotank.electroserver5.protocol.IOProvider  - Opened BinaryUDP listener on /0.0.0.0:10000 
2013-Sep-29 21:14:03:882 [main] INFO  DisplayLogger  - 
-=-=-=-=-=-=-=-
ElectroServer has started successfully
2013-Sep-29 21:14:59:639 [New I/O server worker #1-1] DEBUG com.electrotank.electroserver5.entities.PeopleImpl  - Starting People.login for 218486799926547 / vvf
2013-Sep-29 21:14:59:644 [New I/O server worker #1-1] DEBUG com.electrotank.electroserver5.entities.PeopleImpl  - User not already logged in, attempting event handlers (if available)
2013-Sep-29 21:14:59:647 [New I/O server worker #1-1] DEBUG Extensions.DBLoginMySQL.EventHandlers.DBLoginHandler  - vvf logging in with password vvf
2013-Sep-29 21:14:59:647 [New I/O server worker #1-1] DEBUG Extensions.DBLoginMySQL.EventHandlers.DBLoginHandler  - Attempting to load user info
2013-Sep-29 21:14:59:657 [New I/O server worker #1-1] ERROR com.electrotank.electroserver5.examples.dblogin.Controller  - Controller.getUserInfo error: 
2013-Sep-29 21:14:59:661 [New I/O server worker #1-1] DEBUG Extensions.DBLoginMySQL.EventHandlers.DBLoginHandler  - Attempting to register user
2013-Sep-29 21:14:59:662 [New I/O server worker #1-1] ERROR com.electrotank.electroserver5.examples.dblogin.Controller  - Controller.getUserInfo error: 
2013-Sep-29 21:14:59:667 [New I/O server worker #1-1] ERROR com.electrotank.electroserver5.examples.dblogin.Controller  - Controller.registerNewUser error: 
2013-Sep-29 21:14:59:671 [New I/O server worker #1-1] DEBUG com.electrotank.electroserver5.entities.PeopleImpl  - One of the LoginEventHandlers failed the login.  Name = vvf
2013-Sep-29 21:15:01:449 [New I/O server worker #1-1] INFO  com.electrotank.electroserver5.entities.PeopleImpl  - Client dropped: 218486799926547
2013-Sep-29 21:22:58:324 [Thread-2] INFO  com.electrotank.electroserver5.servers.gateway.GatewayServer  - GatewayServer.stop
2013-Sep-29 21:22:58:476 [Thread-2] INFO  com.electrotank.electroserver5.servers.gateway.GatewayServer  - GatewayServer.shutdown
2013-Sep-29 21:22:58:476 [Thread-2] WARN  com.electrotank.electroserver5.servers.registry.RegistryServer  - RegistryServer.shutdown invoked
2013-Sep-29 21:22:58:476 [Thread-2] WARN  com.electrotank.electroserver5.entities.managers.DefaultExtensionManager  - unloading extensions
2013-Sep-29 21:22:58:477 [Thread-2] WARN  com.electrotank.electroserver5.entities.managers.DefaultExtensionManager  - unloading extension named TankGame
2013-Sep-29 21:22:58:478 [Thread-2] WARN  com.electrotank.electroserver5.entities.managers.DefaultExtensionManager  - unloading extension named PluginSendPublicMessage
2013-Sep-29 21:22:58:478 [Thread-2] WARN  com.electrotank.electroserver5.entities.managers.DefaultExtensionManager  - unloading extension named LobbySystem
2013-Sep-29 21:22:58:479 [Thread-2] DEBUG Extensions.LobbySystem.Plugins.DiggingGamePlugin  - room destroyed
2013-Sep-29 21:22:58:479 [Thread-2] WARN  com.electrotank.electroserver5.entities.managers.DefaultExtensionManager  - unloading extension named DBLoginMySQL
2013-Sep-29 21:22:58:480 [Thread-2] ERROR com.electrotank.electroserver5.examples.dblogin.ControllerFactory  - ControllerFactory.destroy invoked
2013-Sep-29 21:22:58:480 [Thread-2] WARN  com.electrotank.electroserver5.examples.dblogin.Controller  - Controller.dispose invoked
2013-Sep-29 21:22:58:480 [Thread-2] WARN  com.electrotank.electroserver5.examples.dblogin.Controller  - Now attempting to close the dataSource
2013-Sep-29 21:22:58:482 [Thread-2] ERROR com.electrotank.electroserver5.examples.dblogin.ControllerFactory  - Unable to cleanly spin down
org.apache.commons.dbcp.SQLNestedException: Cannot create JDBC driver of class 'com.mysql.jdbc.Driver' for connect URL 'newer.cwglba5cwihgghgghghghghghghghghhgghhgghghghghghghghghhghhghghhghghghhghghghghghw.us-east-1.rds.amazonaws.com/UserInfo'
	at org.apache.commons.dbcp.BasicDataSource.createDataSource(BasicDataSource.java:1150)
	at org.apache.commons.dbcp.BasicDataSource.getConnection(BasicDataSource.java:880)
	at com.electrotank.electroserver5.examples.dblogin.Controller.dispose(Controller.java:218)
	at com.electrotank.electroserver5.examples.dblogin.ControllerFactory.destroy(ControllerFactory.java:58)
	at com.electrotank.electroserver5.entities.ManagedObjectFactoryBridge$4.call(ManagedObjectFactoryBridge.java:81)
	at com.electrotank.electroserver5.entities.BaseBridge.withLockAndClassloader(BaseBridge.java:192)
	at com.electrotank.electroserver5.entities.ManagedObjectFactoryBridge.withLockAndClassloader(ManagedObjectFactoryBridge.java:102)
	at com.electrotank.electroserver5.entities.ManagedObjectFactoryBridge.destroyFactory(ManagedObjectFactoryBridge.java:79)
	at com.electrotank.electroserver5.entities.Extension.unloadManagedObjects(Extension.java:429)
	at com.electrotank.electroserver5.entities.managers.DefaultExtensionManager.destroyExtension(DefaultExtensionManager.java:537)
	at com.electrotank.electroserver5.entities.managers.DefaultExtensionManager.unloadExtensions(DefaultExtensionManager.java:481)
	at com.electrotank.electroserver5.servers.registry.RegistryServer.shutdown(RegistryServer.java:354)
	at com.electrotank.electroserver5.servers.adapters.ServerComponentAdapter.dispose(ServerComponentAdapter.java:70)
	at org.picocontainer.defaults.DecoratingComponentAdapter.dispose(DecoratingComponentAdapter.java:174)
	at org.picocontainer.defaults.CachingComponentAdapter.dispose(CachingComponentAdapter.java:111)
	at org.picocontainer.defaults.DefaultPicoContainer$OrderedComponentAdapterLifecycleManager.dispose(DefaultPicoContainer.java:689)
	at org.picocontainer.defaults.DefaultPicoContainer.dispose(DefaultPicoContainer.java:522)
	at org.picocontainer.defaults.DefaultPicoContainer.dispose(DefaultPicoContainer.java:520)
	at com.electrotank.electroserver5.servers.standalone.StandaloneContainerFactory.stop(StandaloneContainerFactory.java:89)
	at com.electrotank.electroserver5.Main.shutdown(Main.java:269)
	at com.electrotank.electroserver5.bootstrap.Main$1.run(Main.java:24)
Caused by: java.sql.SQLException: No suitable driver
	at java.sql.DriverManager.getDriver(DriverManager.java:264)
	at org.apache.commons.dbcp.BasicDataSource.createDataSource(BasicDataSource.java:1143)
	... 20 more
2013-Sep-29 21:22:59:045 [main] INFO  DisplayLogger  - 
 _____ _           _                                            ____ 
| ____| | ___  ___| |_ _ __ ___  ___  ___ _ ____   _____ _ __  | ___| 
|  _| | |/ _ \/ __| __| '__/ _ \/ __|/ _ \ '__\ \ / / _ \ '__| |___ \
| |___| |  __/ (__| |_| | | (_) \__ \  __/ |   \ V /  __/ |     ___) |
|_____|_|\___|\___|\__|_|  \___/|___/\___|_|    \_/ \___|_|    |____/

Starting ElectroServer 5.3.3
Go to http://www.electrotank.com/ for the latest version.
###########################################################
Computer Information
	Operating System: Linux
	Operating System Architecture: amd64
	Processors Available: 1
	Memory Available: 145Mb
###########################################################
Virtual Machine Information
	Virtual Machine Vendor: Sun Microsystems Inc.
	Virtual Machine Version: 1.6.0_43


2013-Sep-29 21:23:02:171 [main] INFO  com.electrotank.electroserver5.servers.registry.config.RegistryConfigurationService  - MUID [aa56264d-839e-44b7-b6d4-450d401652a5]
2013-Sep-29 21:23:04:198 [main] DEBUG com.electrotank.electroserver5.examples.dblogin.Controller  - Controller init
2013-Sep-29 21:23:04:221 [main] WARN  Extensions.LobbySystem.EventHandlers.GMSInitializer  - DiggingGamePlugin game registered with GameManager.
2013-Sep-29 21:23:04:223 [main] WARN  Extensions.TankGame.EventHandlers.GMSInitializer  - TankGame game registered with GameManager.
2013-Sep-29 21:23:04:247 [main] INFO  Extensions.TankGame.Plugins.TimeStampPlugin  - TimeStampPlugin initialized.
2013-Sep-29 21:23:05:679 [main] INFO  com.electrotank.electroserver5.servers.gateway.GatewayServer  - GatewayServer.doStart
2013-Sep-29 21:23:05:767 [main] INFO  com.electrotank.electroserver5.protocol.IOProvider  - Opened BinaryTCP listener on /0.0.0.0:9899 
2013-Sep-29 21:23:05:777 [main] INFO  com.electrotank.electroserver5.protocol.IOProvider  - Opened RTMP listener on /0.0.0.0:1935 
2013-Sep-29 21:23:05:784 [main] INFO  com.electrotank.electroserver5.protocol.IOProvider  - Opened BinaryHTTP listener on /0.0.0.0:8989 
2013-Sep-29 21:23:05:796 [main] INFO  com.electrotank.electroserver5.protocol.IOProvider  - Opened TextTCP listener on /0.0.0.0:8990 
2013-Sep-29 21:23:05:812 [main] INFO  com.electrotank.electroserver5.protocol.IOProvider  - Opened BinaryUDP listener on /0.0.0.0:10000 
2013-Sep-29 21:23:05:812 [main] INFO  DisplayLogger  - 
-=-=-=-=-=-=-=-
ElectroServer has started successfully
2013-Sep-29 21:23:32:529 [New I/O server worker #1-1] DEBUG com.electrotank.electroserver5.entities.PeopleImpl  - Starting People.login for 218778857702675 / jim
2013-Sep-29 21:23:32:535 [New I/O server worker #1-1] DEBUG com.electrotank.electroserver5.entities.PeopleImpl  - User not already logged in, attempting event handlers (if available)
2013-Sep-29 21:23:32:538 [New I/O server worker #1-1] DEBUG Extensions.DBLoginMySQL.EventHandlers.DBLoginHandler  - jim logging in with password jim
2013-Sep-29 21:23:32:538 [New I/O server worker #1-1] DEBUG Extensions.DBLoginMySQL.EventHandlers.DBLoginHandler  - Attempting to load user info
2013-Sep-29 21:23:32:549 [New I/O server worker #1-1] ERROR com.electrotank.electroserver5.examples.dblogin.Controller  - Controller.getUserInfo error: 
2013-Sep-29 21:23:32:552 [New I/O server worker #1-1] DEBUG Extensions.DBLoginMySQL.EventHandlers.DBLoginHandler  - Attempting to register user
2013-Sep-29 21:23:32:554 [New I/O server worker #1-1] ERROR com.electrotank.electroserver5.examples.dblogin.Controller  - Controller.getUserInfo error: 
2013-Sep-29 21:23:32:559 [New I/O server worker #1-1] ERROR com.electrotank.electroserver5.examples.dblogin.Controller  - Controller.registerNewUser error: 
2013-Sep-29 21:23:32:563 [New I/O server worker #1-1] DEBUG com.electrotank.electroserver5.entities.PeopleImpl  - One of the LoginEventHandlers failed the login.  Name = jim
2013-Sep-29 21:23:34:801 [New I/O server worker #1-1] INFO  com.electrotank.electroserver5.entities.PeopleImpl  - Client dropped: 218778857702675
2013-Sep-29 21:24:52:887 [Thread-2] INFO  com.electrotank.electroserver5.servers.gateway.GatewayServer  - GatewayServer.stop
2013-Sep-29 21:24:53:046 [Thread-2] INFO  com.electrotank.electroserver5.servers.gateway.GatewayServer  - GatewayServer.shutdown
2013-Sep-29 21:24:53:046 [Thread-2] WARN  com.electrotank.electroserver5.servers.registry.RegistryServer  - RegistryServer.shutdown invoked
2013-Sep-29 21:24:53:046 [Thread-2] WARN  com.electrotank.electroserver5.entities.managers.DefaultExtensionManager  - unloading extensions
2013-Sep-29 21:24:53:047 [Thread-2] WARN  com.electrotank.electroserver5.entities.managers.DefaultExtensionManager  - unloading extension named TankGame
2013-Sep-29 21:24:53:048 [Thread-2] WARN  com.electrotank.electroserver5.entities.managers.DefaultExtensionManager  - unloading extension named PluginSendPublicMessage
2013-Sep-29 21:24:53:048 [Thread-2] WARN  com.electrotank.electroserver5.entities.managers.DefaultExtensionManager  - unloading extension named LobbySystem
2013-Sep-29 21:24:53:049 [Thread-2] DEBUG Extensions.LobbySystem.Plugins.DiggingGamePlugin  - room destroyed
2013-Sep-29 21:24:53:049 [Thread-2] WARN  com.electrotank.electroserver5.entities.managers.DefaultExtensionManager  - unloading extension named DBLoginMySQL
2013-Sep-29 21:24:53:050 [Thread-2] ERROR com.electrotank.electroserver5.examples.dblogin.ControllerFactory  - ControllerFactory.destroy invoked
2013-Sep-29 21:24:53:050 [Thread-2] WARN  com.electrotank.electroserver5.examples.dblogin.Controller  - Controller.dispose invoked
2013-Sep-29 21:24:53:050 [Thread-2] WARN  com.electrotank.electroserver5.examples.dblogin.Controller  - Now attempting to close the dataSource
2013-Sep-29 21:24:53:052 [Thread-2] ERROR com.electrotank.electroserver5.examples.dblogin.ControllerFactory  - Unable to cleanly spin down
org.apache.commons.dbcp.SQLNestedException: Cannot create JDBC driver of class 'com.mysql.jdbc.Driver' for connect URL 'newer.cwglba5cwihw.us-east-1.rds.amazonaws.com:3306/UserInfo'
	at org.apache.commons.dbcp.BasicDataSource.createDataSource(BasicDataSource.java:1150)
	at org.apache.commons.dbcp.BasicDataSource.getConnection(BasicDataSource.java:880)
	at com.electrotank.electroserver5.examples.dblogin.Controller.dispose(Controller.java:218)
	at com.electrotank.electroserver5.examples.dblogin.ControllerFactory.destroy(ControllerFactory.java:58)
	at com.electrotank.electroserver5.entities.ManagedObjectFactoryBridge$4.call(ManagedObjectFactoryBridge.java:81)
	at com.electrotank.electroserver5.entities.BaseBridge.withLockAndClassloader(BaseBridge.java:192)
	at com.electrotank.electroserver5.entities.ManagedObjectFactoryBridge.withLockAndClassloader(ManagedObjectFactoryBridge.java:102)
	at com.electrotank.electroserver5.entities.ManagedObjectFactoryBridge.destroyFactory(ManagedObjectFactoryBridge.java:79)
	at com.electrotank.electroserver5.entities.Extension.unloadManagedObjects(Extension.java:429)
	at com.electrotank.electroserver5.entities.managers.DefaultExtensionManager.destroyExtension(DefaultExtensionManager.java:537)
	at com.electrotank.electroserver5.entities.managers.DefaultExtensionManager.unloadExtensions(DefaultExtensionManager.java:481)
	at com.electrotank.electroserver5.servers.registry.RegistryServer.shutdown(RegistryServer.java:354)
	at com.electrotank.electroserver5.servers.adapters.ServerComponentAdapter.dispose(ServerComponentAdapter.java:70)
	at org.picocontainer.defaults.DecoratingComponentAdapter.dispose(DecoratingComponentAdapter.java:174)
	at org.picocontainer.defaults.CachingComponentAdapter.dispose(CachingComponentAdapter.java:111)
	at org.picocontainer.defaults.DefaultPicoContainer$OrderedComponentAdapterLifecycleManager.dispose(DefaultPicoContainer.java:689)
	at org.picocontainer.defaults.DefaultPicoContainer.dispose(DefaultPicoContainer.java:522)
	at org.picocontainer.defaults.DefaultPicoContainer.dispose(DefaultPicoContainer.java:520)
	at com.electrotank.electroserver5.servers.standalone.StandaloneContainerFactory.stop(StandaloneContainerFactory.java:89)
	at com.electrotank.electroserver5.Main.shutdown(Main.java:269)
	at com.electrotank.electroserver5.bootstrap.Main$1.run(Main.java:24)
Caused by: java.sql.SQLException: No suitable driver
	at java.sql.DriverManager.getDriver(DriverManager.java:264)
	at org.apache.commons.dbcp.BasicDataSource.createDataSource(BasicDataSource.java:1143)
	... 20 more
2013-Sep-29 21:24:53:566 [main] INFO  DisplayLogger  - 
 _____ _           _                                            ____ 
| ____| | ___  ___| |_ _ __ ___  ___  ___ _ ____   _____ _ __  | ___| 
|  _| | |/ _ \/ __| __| '__/ _ \/ __|/ _ \ '__\ \ / / _ \ '__| |___ \
| |___| |  __/ (__| |_| | | (_) \__ \  __/ |   \ V /  __/ |     ___) |
|_____|_|\___|\___|\__|_|  \___/|___/\___|_|    \_/ \___|_|    |____/

Starting ElectroServer 5.3.3
Go to http://www.electrotank.com/ for the latest version.
###########################################################
Computer Information
	Operating System: Linux
	Operating System Architecture: amd64
	Processors Available: 1
	Memory Available: 145Mb
###########################################################
Virtual Machine Information
	Virtual Machine Vendor: Sun Microsystems Inc.
	Virtual Machine Version: 1.6.0_43


2013-Sep-29 21:24:56:688 [main] INFO  com.electrotank.electroserver5.servers.registry.config.RegistryConfigurationService  - MUID [aa56264d-839e-44b7-b6d4-450d401652a5]
2013-Sep-29 21:24:58:549 [main] DEBUG com.electrotank.electroserver5.examples.dblogin.Controller  - Controller init
2013-Sep-29 21:24:58:566 [main] WARN  Extensions.LobbySystem.EventHandlers.GMSInitializer  - DiggingGamePlugin game registered with GameManager.
2013-Sep-29 21:24:58:568 [main] WARN  Extensions.TankGame.EventHandlers.GMSInitializer  - TankGame game registered with GameManager.
2013-Sep-29 21:24:58:590 [main] INFO  Extensions.TankGame.Plugins.TimeStampPlugin  - TimeStampPlugin initialized.
2013-Sep-29 21:24:59:972 [main] INFO  com.electrotank.electroserver5.servers.gateway.GatewayServer  - GatewayServer.doStart
2013-Sep-29 21:25:00:061 [main] INFO  com.electrotank.electroserver5.protocol.IOProvider  - Opened BinaryTCP listener on /0.0.0.0:9899 
2013-Sep-29 21:25:00:070 [main] INFO  com.electrotank.electroserver5.protocol.IOProvider  - Opened RTMP listener on /0.0.0.0:1935 
2013-Sep-29 21:25:00:077 [main] INFO  com.electrotank.electroserver5.protocol.IOProvider  - Opened BinaryHTTP listener on /0.0.0.0:8989 
2013-Sep-29 21:25:00:088 [main] INFO  com.electrotank.electroserver5.protocol.IOProvider  - Opened TextTCP listener on /0.0.0.0:8990 
2013-Sep-29 21:25:00:101 [main] INFO  com.electrotank.electroserver5.protocol.IOProvider  - Opened BinaryUDP listener on /0.0.0.0:10000 
2013-Sep-29 21:25:00:102 [main] INFO  DisplayLogger  - 
-=-=-=-=-=-=-=-
ElectroServer has started successfully
2013-Sep-29 21:25:25:516 [New I/O server worker #1-1] DEBUG com.electrotank.electroserver5.entities.PeopleImpl  - Starting People.login for 218826102342931 / jim
2013-Sep-29 21:25:25:521 [New I/O server worker #1-1] DEBUG com.electrotank.electroserver5.entities.PeopleImpl  - User not already logged in, attempting event handlers (if available)
2013-Sep-29 21:25:25:524 [New I/O server worker #1-1] DEBUG Extensions.DBLoginMySQL.EventHandlers.DBLoginHandler  - jim logging in with password jim
2013-Sep-29 21:25:25:524 [New I/O server worker #1-1] DEBUG Extensions.DBLoginMySQL.EventHandlers.DBLoginHandler  - Attempting to load user info
2013-Sep-29 21:25:25:534 [New I/O server worker #1-1] ERROR com.electrotank.electroserver5.examples.dblogin.Controller  - Controller.getUserInfo error: 
2013-Sep-29 21:25:25:537 [New I/O server worker #1-1] DEBUG Extensions.DBLoginMySQL.EventHandlers.DBLoginHandler  - Attempting to register user
2013-Sep-29 21:25:25:539 [New I/O server worker #1-1] ERROR com.electrotank.electroserver5.examples.dblogin.Controller  - Controller.getUserInfo error: 
2013-Sep-29 21:25:25:544 [New I/O server worker #1-1] ERROR com.electrotank.electroserver5.examples.dblogin.Controller  - Controller.registerNewUser error: 
2013-Sep-29 21:25:25:548 [New I/O server worker #1-1] DEBUG com.electrotank.electroserver5.entities.PeopleImpl  - One of the LoginEventHandlers failed the login.  Name = jim
2013-Sep-29 21:25:33:170 [New I/O server worker #1-1] INFO  com.electrotank.electroserver5.entities.PeopleImpl  - Client dropped: 218826102342931
